{"timestamp":"2025-07-29T01:58:01.997622","level":"info","event":"Filling up the DagBag from /opt/airflow/dags/homework3-dag.py","logger":"airflow.models.dagbag.DagBag"}
{"timestamp":"2025-07-29T01:58:11.663577","level":"warning","event":"Retrying (Retry(total=6, connect=6, read=7, redirect=7, status=7)) after connection broken by 'NameResolutionError(\"<urllib3.connection.HTTPConnection object at 0x7de2db6e0fb0>: Failed to resolve 'mlops-zoomcamp-mlflow-1' ([Errno -2] Name or service not known)\")': /api/2.0/mlflow/experiments/get-by-name?experiment_name=nyc-taxi-experiment","logger":"urllib3.connectionpool"}
{"timestamp":"2025-07-29T01:58:15.703682","level":"warning","event":"Retrying (Retry(total=5, connect=5, read=7, redirect=7, status=7)) after connection broken by 'NameResolutionError(\"<urllib3.connection.HTTPConnection object at 0x7de2dbe38440>: Failed to resolve 'mlops-zoomcamp-mlflow-1' ([Errno -2] Name or service not known)\")': /api/2.0/mlflow/experiments/get-by-name?experiment_name=nyc-taxi-experiment","logger":"urllib3.connectionpool"}
{"timestamp":"2025-07-29T01:58:24.100845","level":"warning","event":"Retrying (Retry(total=4, connect=4, read=7, redirect=7, status=7)) after connection broken by 'NameResolutionError(\"<urllib3.connection.HTTPConnection object at 0x7de2db1560f0>: Failed to resolve 'mlops-zoomcamp-mlflow-1' ([Errno -2] Name or service not known)\")': /api/2.0/mlflow/experiments/get-by-name?experiment_name=nyc-taxi-experiment","logger":"urllib3.connectionpool"}
{"timestamp":"2025-07-29T01:58:32.005961","level":"error","event":"Process timed out, PID: 34","logger":"airflow.utils.timeout.TimeoutPosix"}
{"timestamp":"2025-07-29T01:58:32.006214","level":"error","event":"Failed to import: /opt/airflow/dags/homework3-dag.py","logger":"airflow.models.dagbag.DagBag","error_detail":[{"exc_type":"AirflowTaskTimeout","exc_value":"DagBag import timeout for /opt/airflow/dags/homework3-dag.py after 30.0s.\nPlease take a look at these docs to improve your DAG import time:\n* https://airflow.apache.org/docs/apache-airflow/3.0.3/best-practices.html#top-level-python-code\n* https://airflow.apache.org/docs/apache-airflow/3.0.3/best-practices.html#reducing-dag-complexity, PID: 34","exc_notes":[],"syntax_error":null,"is_cause":false,"frames":[{"filename":"/home/airflow/.local/lib/python3.12/site-packages/airflow/models/dagbag.py","lineno":394,"name":"parse"},{"filename":"<frozen importlib._bootstrap_external>","lineno":999,"name":"exec_module"},{"filename":"<frozen importlib._bootstrap>","lineno":488,"name":"_call_with_frames_removed"},{"filename":"/opt/airflow/dags/homework3-dag.py","lineno":53,"name":"<module>"},{"filename":"/home/airflow/.local/lib/python3.12/site-packages/mlflow/tracking/fluent.py","lineno":183,"name":"set_experiment"},{"filename":"/home/airflow/.local/lib/python3.12/site-packages/mlflow/tracking/_tracking_service/client.py","lineno":258,"name":"get_experiment_by_name"},{"filename":"/home/airflow/.local/lib/python3.12/site-packages/mlflow/store/tracking/rest_store.py","lineno":869,"name":"get_experiment_by_name"},{"filename":"/home/airflow/.local/lib/python3.12/site-packages/mlflow/store/tracking/rest_store.py","lineno":135,"name":"_call_endpoint"},{"filename":"/home/airflow/.local/lib/python3.12/site-packages/mlflow/utils/rest_utils.py","lineno":589,"name":"call_endpoint"},{"filename":"/home/airflow/.local/lib/python3.12/site-packages/mlflow/utils/rest_utils.py","lineno":230,"name":"http_request"},{"filename":"/home/airflow/.local/lib/python3.12/site-packages/mlflow/utils/request_utils.py","lineno":237,"name":"_get_http_response_with_retries"},{"filename":"/home/airflow/.local/lib/python3.12/site-packages/requests/sessions.py","lineno":589,"name":"request"},{"filename":"/home/airflow/.local/lib/python3.12/site-packages/requests/sessions.py","lineno":703,"name":"send"},{"filename":"/home/airflow/.local/lib/python3.12/site-packages/requests/adapters.py","lineno":667,"name":"send"},{"filename":"/home/airflow/.local/lib/python3.12/site-packages/urllib3/connectionpool.py","lineno":871,"name":"urlopen"},{"filename":"/home/airflow/.local/lib/python3.12/site-packages/urllib3/connectionpool.py","lineno":871,"name":"urlopen"},{"filename":"/home/airflow/.local/lib/python3.12/site-packages/urllib3/connectionpool.py","lineno":871,"name":"urlopen"},{"filename":"/home/airflow/.local/lib/python3.12/site-packages/urllib3/connectionpool.py","lineno":844,"name":"urlopen"},{"filename":"/home/airflow/.local/lib/python3.12/site-packages/urllib3/util/retry.py","lineno":363,"name":"sleep"},{"filename":"/home/airflow/.local/lib/python3.12/site-packages/urllib3/util/retry.py","lineno":347,"name":"_sleep_backoff"},{"filename":"/home/airflow/.local/lib/python3.12/site-packages/airflow/utils/timeout.py","lineno":69,"name":"handle_timeout"}],"is_group":false,"exceptions":[]},{"exc_type":"NameResolutionError","exc_value":"<urllib3.connection.HTTPConnection object at 0x7de2dac01310>: Failed to resolve 'mlops-zoomcamp-mlflow-1' ([Errno -2] Name or service not known)","exc_notes":[],"syntax_error":null,"is_cause":false,"frames":[{"filename":"/home/airflow/.local/lib/python3.12/site-packages/urllib3/connectionpool.py","lineno":787,"name":"urlopen"},{"filename":"/home/airflow/.local/lib/python3.12/site-packages/urllib3/connectionpool.py","lineno":493,"name":"_make_request"},{"filename":"/home/airflow/.local/lib/python3.12/site-packages/urllib3/connection.py","lineno":494,"name":"request"},{"filename":"/usr/local/lib/python3.12/http/client.py","lineno":1333,"name":"endheaders"},{"filename":"/usr/local/lib/python3.12/http/client.py","lineno":1093,"name":"_send_output"},{"filename":"/usr/local/lib/python3.12/http/client.py","lineno":1037,"name":"send"},{"filename":"/home/airflow/.local/lib/python3.12/site-packages/urllib3/connection.py","lineno":325,"name":"connect"},{"filename":"/home/airflow/.local/lib/python3.12/site-packages/urllib3/connection.py","lineno":205,"name":"_new_conn"}],"is_group":false,"exceptions":[]},{"exc_type":"gaierror","exc_value":"[Errno -2] Name or service not known","exc_notes":[],"syntax_error":null,"is_cause":true,"frames":[{"filename":"/home/airflow/.local/lib/python3.12/site-packages/urllib3/connection.py","lineno":198,"name":"_new_conn"},{"filename":"/home/airflow/.local/lib/python3.12/site-packages/urllib3/util/connection.py","lineno":60,"name":"create_connection"},{"filename":"/usr/local/lib/python3.12/socket.py","lineno":978,"name":"getaddrinfo"}],"is_group":false,"exceptions":[]}]}
{"timestamp":"2025-07-29T01:59:02.410270","level":"info","event":"Filling up the DagBag from /opt/airflow/dags/homework3-dag.py","logger":"airflow.models.dagbag.DagBag"}
{"timestamp":"2025-07-29T01:59:07.351136","level":"warning","event":"Retrying (Retry(total=6, connect=6, read=7, redirect=7, status=7)) after connection broken by 'NewConnectionError('<urllib3.connection.HTTPConnection object at 0x7de2d9f6a240>: Failed to establish a new connection: [Errno 111] Connection refused')': /api/2.0/mlflow/experiments/get-by-name?experiment_name=nyc-taxi-experiment","logger":"urllib3.connectionpool"}
{"timestamp":"2025-07-29T01:59:11.805102","level":"warning","event":"Retrying (Retry(total=5, connect=5, read=7, redirect=7, status=7)) after connection broken by 'NewConnectionError('<urllib3.connection.HTTPConnection object at 0x7de2d8190da0>: Failed to establish a new connection: [Errno 111] Connection refused')': /api/2.0/mlflow/experiments/get-by-name?experiment_name=nyc-taxi-experiment","logger":"urllib3.connectionpool"}
{"timestamp":"2025-07-29T01:59:20.713602","level":"warning","event":"Retrying (Retry(total=4, connect=4, read=7, redirect=7, status=7)) after connection broken by 'NewConnectionError('<urllib3.connection.HTTPConnection object at 0x7de2d7c11e20>: Failed to establish a new connection: [Errno 111] Connection refused')': /api/2.0/mlflow/experiments/get-by-name?experiment_name=nyc-taxi-experiment","logger":"urllib3.connectionpool"}
{"timestamp":"2025-07-29T01:59:50.967331","level":"info","event":"Filling up the DagBag from /opt/airflow/dags/homework3-dag.py","logger":"airflow.models.dagbag.DagBag"}
{"timestamp":"2025-07-29T02:00:23.645690","level":"info","event":"Filling up the DagBag from /opt/airflow/dags/homework3-dag.py","logger":"airflow.models.dagbag.DagBag"}
{"timestamp":"2025-07-29T02:00:55.945484","level":"info","event":"Filling up the DagBag from /opt/airflow/dags/homework3-dag.py","logger":"airflow.models.dagbag.DagBag"}
{"timestamp":"2025-07-29T02:01:28.200540","level":"info","event":"Filling up the DagBag from /opt/airflow/dags/homework3-dag.py","logger":"airflow.models.dagbag.DagBag"}
{"timestamp":"2025-07-29T02:02:01.807044","level":"info","event":"Filling up the DagBag from /opt/airflow/dags/homework3-dag.py","logger":"airflow.models.dagbag.DagBag"}
{"timestamp":"2025-07-29T02:02:34.035719","level":"info","event":"Filling up the DagBag from /opt/airflow/dags/homework3-dag.py","logger":"airflow.models.dagbag.DagBag"}
{"timestamp":"2025-07-29T02:03:06.299344","level":"info","event":"Filling up the DagBag from /opt/airflow/dags/homework3-dag.py","logger":"airflow.models.dagbag.DagBag"}
{"timestamp":"2025-07-29T02:04:35.489467","level":"info","event":"Filling up the DagBag from /opt/airflow/dags/homework3-dag.py","logger":"airflow.models.dagbag.DagBag"}
{"timestamp":"2025-07-29T02:05:11.771151","level":"info","event":"Filling up the DagBag from /opt/airflow/dags/homework3-dag.py","logger":"airflow.models.dagbag.DagBag"}
{"timestamp":"2025-07-29T02:05:44.252811","level":"info","event":"Filling up the DagBag from /opt/airflow/dags/homework3-dag.py","logger":"airflow.models.dagbag.DagBag"}
{"timestamp":"2025-07-29T02:06:16.541315","level":"info","event":"Filling up the DagBag from /opt/airflow/dags/homework3-dag.py","logger":"airflow.models.dagbag.DagBag"}
{"timestamp":"2025-07-29T02:06:48.749221","level":"info","event":"Filling up the DagBag from /opt/airflow/dags/homework3-dag.py","logger":"airflow.models.dagbag.DagBag"}
{"timestamp":"2025-07-29T02:07:20.954475","level":"info","event":"Filling up the DagBag from /opt/airflow/dags/homework3-dag.py","logger":"airflow.models.dagbag.DagBag"}
{"timestamp":"2025-07-29T02:07:53.261875","level":"info","event":"Filling up the DagBag from /opt/airflow/dags/homework3-dag.py","logger":"airflow.models.dagbag.DagBag"}
{"timestamp":"2025-07-29T02:08:25.865377","level":"info","event":"Filling up the DagBag from /opt/airflow/dags/homework3-dag.py","logger":"airflow.models.dagbag.DagBag"}
{"timestamp":"2025-07-29T02:08:58.107061","level":"info","event":"Filling up the DagBag from /opt/airflow/dags/homework3-dag.py","logger":"airflow.models.dagbag.DagBag"}
{"timestamp":"2025-07-29T02:09:30.380371","level":"info","event":"Filling up the DagBag from /opt/airflow/dags/homework3-dag.py","logger":"airflow.models.dagbag.DagBag"}
{"timestamp":"2025-07-29T02:10:02.703208","level":"info","event":"Filling up the DagBag from /opt/airflow/dags/homework3-dag.py","logger":"airflow.models.dagbag.DagBag"}
{"timestamp":"2025-07-29T02:10:35.091813","level":"info","event":"Filling up the DagBag from /opt/airflow/dags/homework3-dag.py","logger":"airflow.models.dagbag.DagBag"}
{"timestamp":"2025-07-29T02:11:07.607643","level":"info","event":"Filling up the DagBag from /opt/airflow/dags/homework3-dag.py","logger":"airflow.models.dagbag.DagBag"}
{"timestamp":"2025-07-29T02:11:40.133293","level":"info","event":"Filling up the DagBag from /opt/airflow/dags/homework3-dag.py","logger":"airflow.models.dagbag.DagBag"}
{"timestamp":"2025-07-29T02:12:12.697837","level":"info","event":"Filling up the DagBag from /opt/airflow/dags/homework3-dag.py","logger":"airflow.models.dagbag.DagBag"}
{"timestamp":"2025-07-29T02:12:45.373718","level":"info","event":"Filling up the DagBag from /opt/airflow/dags/homework3-dag.py","logger":"airflow.models.dagbag.DagBag"}
{"timestamp":"2025-07-29T02:13:18.096770","level":"info","event":"Filling up the DagBag from /opt/airflow/dags/homework3-dag.py","logger":"airflow.models.dagbag.DagBag"}
{"timestamp":"2025-07-29T02:13:50.617801","level":"info","event":"Filling up the DagBag from /opt/airflow/dags/homework3-dag.py","logger":"airflow.models.dagbag.DagBag"}
{"timestamp":"2025-07-29T02:14:23.373645","level":"info","event":"Filling up the DagBag from /opt/airflow/dags/homework3-dag.py","logger":"airflow.models.dagbag.DagBag"}
{"timestamp":"2025-07-29T02:14:55.898129","level":"info","event":"Filling up the DagBag from /opt/airflow/dags/homework3-dag.py","logger":"airflow.models.dagbag.DagBag"}
{"timestamp":"2025-07-29T02:15:28.613829","level":"info","event":"Filling up the DagBag from /opt/airflow/dags/homework3-dag.py","logger":"airflow.models.dagbag.DagBag"}
{"timestamp":"2025-07-29T02:16:01.249115","level":"info","event":"Filling up the DagBag from /opt/airflow/dags/homework3-dag.py","logger":"airflow.models.dagbag.DagBag"}
{"timestamp":"2025-07-29T02:16:33.490733","level":"info","event":"Filling up the DagBag from /opt/airflow/dags/homework3-dag.py","logger":"airflow.models.dagbag.DagBag"}
{"timestamp":"2025-07-29T02:17:06.224057","level":"info","event":"Filling up the DagBag from /opt/airflow/dags/homework3-dag.py","logger":"airflow.models.dagbag.DagBag"}
{"timestamp":"2025-07-29T02:17:38.895291","level":"info","event":"Filling up the DagBag from /opt/airflow/dags/homework3-dag.py","logger":"airflow.models.dagbag.DagBag"}
{"timestamp":"2025-07-29T02:18:11.589893","level":"info","event":"Filling up the DagBag from /opt/airflow/dags/homework3-dag.py","logger":"airflow.models.dagbag.DagBag"}
{"timestamp":"2025-07-29T02:18:44.308792","level":"info","event":"Filling up the DagBag from /opt/airflow/dags/homework3-dag.py","logger":"airflow.models.dagbag.DagBag"}
{"timestamp":"2025-07-29T02:19:17.123055","level":"info","event":"Filling up the DagBag from /opt/airflow/dags/homework3-dag.py","logger":"airflow.models.dagbag.DagBag"}
{"timestamp":"2025-07-29T02:19:50.094481","level":"info","event":"Filling up the DagBag from /opt/airflow/dags/homework3-dag.py","logger":"airflow.models.dagbag.DagBag"}
{"timestamp":"2025-07-29T02:20:23.026500","level":"info","event":"Filling up the DagBag from /opt/airflow/dags/homework3-dag.py","logger":"airflow.models.dagbag.DagBag"}
{"timestamp":"2025-07-29T02:20:56.246322","level":"info","event":"Filling up the DagBag from /opt/airflow/dags/homework3-dag.py","logger":"airflow.models.dagbag.DagBag"}
{"timestamp":"2025-07-29T02:21:29.857721","level":"info","event":"Filling up the DagBag from /opt/airflow/dags/homework3-dag.py","logger":"airflow.models.dagbag.DagBag"}
{"timestamp":"2025-07-29T02:22:03.018839","level":"info","event":"Filling up the DagBag from /opt/airflow/dags/homework3-dag.py","logger":"airflow.models.dagbag.DagBag"}
{"timestamp":"2025-07-29T02:22:34.802399","level":"info","event":"Filling up the DagBag from /opt/airflow/dags/homework3-dag.py","logger":"airflow.models.dagbag.DagBag"}
{"timestamp":"2025-07-29T02:23:07.366894","level":"info","event":"Filling up the DagBag from /opt/airflow/dags/homework3-dag.py","logger":"airflow.models.dagbag.DagBag"}
{"timestamp":"2025-07-29T02:23:40.981690","level":"info","event":"Filling up the DagBag from /opt/airflow/dags/homework3-dag.py","logger":"airflow.models.dagbag.DagBag"}
{"timestamp":"2025-07-29T02:24:12.644810","level":"info","event":"Filling up the DagBag from /opt/airflow/dags/homework3-dag.py","logger":"airflow.models.dagbag.DagBag"}
{"timestamp":"2025-07-29T02:24:46.204294","level":"info","event":"Filling up the DagBag from /opt/airflow/dags/homework3-dag.py","logger":"airflow.models.dagbag.DagBag"}
{"timestamp":"2025-07-29T02:25:18.791301","level":"info","event":"Filling up the DagBag from /opt/airflow/dags/homework3-dag.py","logger":"airflow.models.dagbag.DagBag"}
{"timestamp":"2025-07-29T02:25:51.522348","level":"info","event":"Filling up the DagBag from /opt/airflow/dags/homework3-dag.py","logger":"airflow.models.dagbag.DagBag"}
{"timestamp":"2025-07-29T02:26:24.131816","level":"info","event":"Filling up the DagBag from /opt/airflow/dags/homework3-dag.py","logger":"airflow.models.dagbag.DagBag"}
{"timestamp":"2025-07-29T02:26:57.668846","level":"info","event":"Filling up the DagBag from /opt/airflow/dags/homework3-dag.py","logger":"airflow.models.dagbag.DagBag"}
{"timestamp":"2025-07-29T02:27:30.234003","level":"info","event":"Filling up the DagBag from /opt/airflow/dags/homework3-dag.py","logger":"airflow.models.dagbag.DagBag"}
{"timestamp":"2025-07-29T02:28:02.929625","level":"info","event":"Filling up the DagBag from /opt/airflow/dags/homework3-dag.py","logger":"airflow.models.dagbag.DagBag"}
{"timestamp":"2025-07-29T02:28:35.535574","level":"info","event":"Filling up the DagBag from /opt/airflow/dags/homework3-dag.py","logger":"airflow.models.dagbag.DagBag"}
{"timestamp":"2025-07-29T02:29:08.090872","level":"info","event":"Filling up the DagBag from /opt/airflow/dags/homework3-dag.py","logger":"airflow.models.dagbag.DagBag"}
{"timestamp":"2025-07-29T02:29:40.781877","level":"info","event":"Filling up the DagBag from /opt/airflow/dags/homework3-dag.py","logger":"airflow.models.dagbag.DagBag"}
{"timestamp":"2025-07-29T02:30:14.261493","level":"info","event":"Filling up the DagBag from /opt/airflow/dags/homework3-dag.py","logger":"airflow.models.dagbag.DagBag"}
{"timestamp":"2025-07-29T02:30:47.797643","level":"info","event":"Filling up the DagBag from /opt/airflow/dags/homework3-dag.py","logger":"airflow.models.dagbag.DagBag"}
{"timestamp":"2025-07-29T02:31:20.424737","level":"info","event":"Filling up the DagBag from /opt/airflow/dags/homework3-dag.py","logger":"airflow.models.dagbag.DagBag"}
{"timestamp":"2025-07-29T02:31:53.225573","level":"info","event":"Filling up the DagBag from /opt/airflow/dags/homework3-dag.py","logger":"airflow.models.dagbag.DagBag"}
{"timestamp":"2025-07-29T02:32:25.887105","level":"info","event":"Filling up the DagBag from /opt/airflow/dags/homework3-dag.py","logger":"airflow.models.dagbag.DagBag"}
{"timestamp":"2025-07-29T02:32:59.132209","level":"info","event":"Filling up the DagBag from /opt/airflow/dags/homework3-dag.py","logger":"airflow.models.dagbag.DagBag"}
{"timestamp":"2025-07-29T02:33:32.381302","level":"info","event":"Filling up the DagBag from /opt/airflow/dags/homework3-dag.py","logger":"airflow.models.dagbag.DagBag"}
{"timestamp":"2025-07-29T02:34:05.035936","level":"info","event":"Filling up the DagBag from /opt/airflow/dags/homework3-dag.py","logger":"airflow.models.dagbag.DagBag"}
{"timestamp":"2025-07-29T02:34:38.062630","level":"info","event":"Filling up the DagBag from /opt/airflow/dags/homework3-dag.py","logger":"airflow.models.dagbag.DagBag"}
{"timestamp":"2025-07-29T02:35:10.663594","level":"info","event":"Filling up the DagBag from /opt/airflow/dags/homework3-dag.py","logger":"airflow.models.dagbag.DagBag"}
{"timestamp":"2025-07-29T02:35:43.273818","level":"info","event":"Filling up the DagBag from /opt/airflow/dags/homework3-dag.py","logger":"airflow.models.dagbag.DagBag"}
{"timestamp":"2025-07-29T02:36:15.967223","level":"info","event":"Filling up the DagBag from /opt/airflow/dags/homework3-dag.py","logger":"airflow.models.dagbag.DagBag"}
{"timestamp":"2025-07-29T02:36:47.831493","level":"info","event":"Filling up the DagBag from /opt/airflow/dags/homework3-dag.py","logger":"airflow.models.dagbag.DagBag"}
{"timestamp":"2025-07-29T02:37:20.770010","level":"info","event":"Filling up the DagBag from /opt/airflow/dags/homework3-dag.py","logger":"airflow.models.dagbag.DagBag"}
{"timestamp":"2025-07-29T02:37:53.671555","level":"info","event":"Filling up the DagBag from /opt/airflow/dags/homework3-dag.py","logger":"airflow.models.dagbag.DagBag"}
{"timestamp":"2025-07-29T02:38:26.367728","level":"info","event":"Filling up the DagBag from /opt/airflow/dags/homework3-dag.py","logger":"airflow.models.dagbag.DagBag"}
{"timestamp":"2025-07-29T02:38:58.991278","level":"info","event":"Filling up the DagBag from /opt/airflow/dags/homework3-dag.py","logger":"airflow.models.dagbag.DagBag"}
{"timestamp":"2025-07-29T02:39:32.417941","level":"info","event":"Filling up the DagBag from /opt/airflow/dags/homework3-dag.py","logger":"airflow.models.dagbag.DagBag"}
{"timestamp":"2025-07-29T02:40:05.242564","level":"info","event":"Filling up the DagBag from /opt/airflow/dags/homework3-dag.py","logger":"airflow.models.dagbag.DagBag"}
{"timestamp":"2025-07-29T02:40:38.049403","level":"info","event":"Filling up the DagBag from /opt/airflow/dags/homework3-dag.py","logger":"airflow.models.dagbag.DagBag"}
{"timestamp":"2025-07-29T02:41:10.808140","level":"info","event":"Filling up the DagBag from /opt/airflow/dags/homework3-dag.py","logger":"airflow.models.dagbag.DagBag"}
{"timestamp":"2025-07-29T02:41:43.531269","level":"info","event":"Filling up the DagBag from /opt/airflow/dags/homework3-dag.py","logger":"airflow.models.dagbag.DagBag"}
{"timestamp":"2025-07-29T02:42:16.360670","level":"info","event":"Filling up the DagBag from /opt/airflow/dags/homework3-dag.py","logger":"airflow.models.dagbag.DagBag"}
{"timestamp":"2025-07-29T02:42:49.587024","level":"info","event":"Filling up the DagBag from /opt/airflow/dags/homework3-dag.py","logger":"airflow.models.dagbag.DagBag"}
{"timestamp":"2025-07-29T02:43:21.864300","level":"info","event":"Filling up the DagBag from /opt/airflow/dags/homework3-dag.py","logger":"airflow.models.dagbag.DagBag"}
{"timestamp":"2025-07-29T02:43:55.123223","level":"info","event":"Filling up the DagBag from /opt/airflow/dags/homework3-dag.py","logger":"airflow.models.dagbag.DagBag"}
{"timestamp":"2025-07-29T02:44:27.973047","level":"info","event":"Filling up the DagBag from /opt/airflow/dags/homework3-dag.py","logger":"airflow.models.dagbag.DagBag"}
{"timestamp":"2025-07-29T02:45:01.072890","level":"info","event":"Filling up the DagBag from /opt/airflow/dags/homework3-dag.py","logger":"airflow.models.dagbag.DagBag"}
{"timestamp":"2025-07-29T02:45:34.419778","level":"info","event":"Filling up the DagBag from /opt/airflow/dags/homework3-dag.py","logger":"airflow.models.dagbag.DagBag"}
{"timestamp":"2025-07-29T02:46:07.688135","level":"info","event":"Filling up the DagBag from /opt/airflow/dags/homework3-dag.py","logger":"airflow.models.dagbag.DagBag"}
{"timestamp":"2025-07-29T02:46:40.610941","level":"info","event":"Filling up the DagBag from /opt/airflow/dags/homework3-dag.py","logger":"airflow.models.dagbag.DagBag"}
{"timestamp":"2025-07-29T02:47:13.585045","level":"info","event":"Filling up the DagBag from /opt/airflow/dags/homework3-dag.py","logger":"airflow.models.dagbag.DagBag"}
{"timestamp":"2025-07-29T02:47:46.323276","level":"info","event":"Filling up the DagBag from /opt/airflow/dags/homework3-dag.py","logger":"airflow.models.dagbag.DagBag"}
{"timestamp":"2025-07-29T02:48:18.268724","level":"info","event":"Filling up the DagBag from /opt/airflow/dags/homework3-dag.py","logger":"airflow.models.dagbag.DagBag"}
{"timestamp":"2025-07-29T02:48:51.096402","level":"info","event":"Filling up the DagBag from /opt/airflow/dags/homework3-dag.py","logger":"airflow.models.dagbag.DagBag"}
{"timestamp":"2025-07-29T02:49:23.989380","level":"info","event":"Filling up the DagBag from /opt/airflow/dags/homework3-dag.py","logger":"airflow.models.dagbag.DagBag"}
{"timestamp":"2025-07-29T02:49:56.739624","level":"info","event":"Filling up the DagBag from /opt/airflow/dags/homework3-dag.py","logger":"airflow.models.dagbag.DagBag"}
{"timestamp":"2025-07-29T02:50:29.692309","level":"info","event":"Filling up the DagBag from /opt/airflow/dags/homework3-dag.py","logger":"airflow.models.dagbag.DagBag"}
{"timestamp":"2025-07-29T02:51:02.189831","level":"info","event":"Filling up the DagBag from /opt/airflow/dags/homework3-dag.py","logger":"airflow.models.dagbag.DagBag"}
{"timestamp":"2025-07-29T02:51:34.580519","level":"info","event":"Filling up the DagBag from /opt/airflow/dags/homework3-dag.py","logger":"airflow.models.dagbag.DagBag"}
{"timestamp":"2025-07-29T02:52:07.351661","level":"info","event":"Filling up the DagBag from /opt/airflow/dags/homework3-dag.py","logger":"airflow.models.dagbag.DagBag"}
{"timestamp":"2025-07-29T02:52:39.590517","level":"info","event":"Filling up the DagBag from /opt/airflow/dags/homework3-dag.py","logger":"airflow.models.dagbag.DagBag"}
{"timestamp":"2025-07-29T02:53:13.125798","level":"info","event":"Filling up the DagBag from /opt/airflow/dags/homework3-dag.py","logger":"airflow.models.dagbag.DagBag"}
