{"timestamp":"2025-07-29T01:58:02.037050","level":"info","event":"Filling up the DagBag from /opt/airflow/dags/orchestrated-duration-prediction-dag.py","logger":"airflow.models.dagbag.DagBag"}
{"timestamp":"2025-07-29T01:58:10.518076","level":"warning","event":"Retrying (Retry(total=6, connect=6, read=7, redirect=7, status=7)) after connection broken by 'NameResolutionError(\"<urllib3.connection.HTTPConnection object at 0x7de2c4a8a2a0>: Failed to resolve 'mlops-zoomcamp-mlflow-1' ([Errno -2] Name or service not known)\")': /api/2.0/mlflow/experiments/get-by-name?experiment_name=nyc-taxi-experiment","logger":"urllib3.connectionpool"}
{"timestamp":"2025-07-29T01:58:14.638615","level":"warning","event":"Retrying (Retry(total=5, connect=5, read=7, redirect=7, status=7)) after connection broken by 'NameResolutionError(\"<urllib3.connection.HTTPConnection object at 0x7de2dc221490>: Failed to resolve 'mlops-zoomcamp-mlflow-1' ([Errno -2] Name or service not known)\")': /api/2.0/mlflow/experiments/get-by-name?experiment_name=nyc-taxi-experiment","logger":"urllib3.connectionpool"}
{"timestamp":"2025-07-29T01:58:23.101968","level":"warning","event":"Retrying (Retry(total=4, connect=4, read=7, redirect=7, status=7)) after connection broken by 'NameResolutionError(\"<urllib3.connection.HTTPConnection object at 0x7de2c45f2ff0>: Failed to resolve 'mlops-zoomcamp-mlflow-1' ([Errno -2] Name or service not known)\")': /api/2.0/mlflow/experiments/get-by-name?experiment_name=nyc-taxi-experiment","logger":"urllib3.connectionpool"}
{"timestamp":"2025-07-29T01:58:32.056905","level":"error","event":"Process timed out, PID: 35","logger":"airflow.utils.timeout.TimeoutPosix"}
{"timestamp":"2025-07-29T01:58:32.057110","level":"error","event":"Failed to import: /opt/airflow/dags/orchestrated-duration-prediction-dag.py","logger":"airflow.models.dagbag.DagBag","error_detail":[{"exc_type":"AirflowTaskTimeout","exc_value":"DagBag import timeout for /opt/airflow/dags/orchestrated-duration-prediction-dag.py after 30.0s.\nPlease take a look at these docs to improve your DAG import time:\n* https://airflow.apache.org/docs/apache-airflow/3.0.3/best-practices.html#top-level-python-code\n* https://airflow.apache.org/docs/apache-airflow/3.0.3/best-practices.html#reducing-dag-complexity, PID: 35","exc_notes":[],"syntax_error":null,"is_cause":false,"frames":[{"filename":"/home/airflow/.local/lib/python3.12/site-packages/airflow/models/dagbag.py","lineno":394,"name":"parse"},{"filename":"<frozen importlib._bootstrap_external>","lineno":999,"name":"exec_module"},{"filename":"<frozen importlib._bootstrap>","lineno":488,"name":"_call_with_frames_removed"},{"filename":"/opt/airflow/dags/orchestrated-duration-prediction-dag.py","lineno":52,"name":"<module>"},{"filename":"/home/airflow/.local/lib/python3.12/site-packages/mlflow/tracking/fluent.py","lineno":183,"name":"set_experiment"},{"filename":"/home/airflow/.local/lib/python3.12/site-packages/mlflow/tracking/_tracking_service/client.py","lineno":258,"name":"get_experiment_by_name"},{"filename":"/home/airflow/.local/lib/python3.12/site-packages/mlflow/store/tracking/rest_store.py","lineno":869,"name":"get_experiment_by_name"},{"filename":"/home/airflow/.local/lib/python3.12/site-packages/mlflow/store/tracking/rest_store.py","lineno":135,"name":"_call_endpoint"},{"filename":"/home/airflow/.local/lib/python3.12/site-packages/mlflow/utils/rest_utils.py","lineno":589,"name":"call_endpoint"},{"filename":"/home/airflow/.local/lib/python3.12/site-packages/mlflow/utils/rest_utils.py","lineno":230,"name":"http_request"},{"filename":"/home/airflow/.local/lib/python3.12/site-packages/mlflow/utils/request_utils.py","lineno":237,"name":"_get_http_response_with_retries"},{"filename":"/home/airflow/.local/lib/python3.12/site-packages/requests/sessions.py","lineno":589,"name":"request"},{"filename":"/home/airflow/.local/lib/python3.12/site-packages/requests/sessions.py","lineno":703,"name":"send"},{"filename":"/home/airflow/.local/lib/python3.12/site-packages/requests/adapters.py","lineno":667,"name":"send"},{"filename":"/home/airflow/.local/lib/python3.12/site-packages/urllib3/connectionpool.py","lineno":871,"name":"urlopen"},{"filename":"/home/airflow/.local/lib/python3.12/site-packages/urllib3/connectionpool.py","lineno":871,"name":"urlopen"},{"filename":"/home/airflow/.local/lib/python3.12/site-packages/urllib3/connectionpool.py","lineno":871,"name":"urlopen"},{"filename":"/home/airflow/.local/lib/python3.12/site-packages/urllib3/connectionpool.py","lineno":844,"name":"urlopen"},{"filename":"/home/airflow/.local/lib/python3.12/site-packages/urllib3/util/retry.py","lineno":363,"name":"sleep"},{"filename":"/home/airflow/.local/lib/python3.12/site-packages/urllib3/util/retry.py","lineno":347,"name":"_sleep_backoff"},{"filename":"/home/airflow/.local/lib/python3.12/site-packages/airflow/utils/timeout.py","lineno":69,"name":"handle_timeout"}],"is_group":false,"exceptions":[]},{"exc_type":"NameResolutionError","exc_value":"<urllib3.connection.HTTPConnection object at 0x7de2c463c530>: Failed to resolve 'mlops-zoomcamp-mlflow-1' ([Errno -2] Name or service not known)","exc_notes":[],"syntax_error":null,"is_cause":false,"frames":[{"filename":"/home/airflow/.local/lib/python3.12/site-packages/urllib3/connectionpool.py","lineno":787,"name":"urlopen"},{"filename":"/home/airflow/.local/lib/python3.12/site-packages/urllib3/connectionpool.py","lineno":493,"name":"_make_request"},{"filename":"/home/airflow/.local/lib/python3.12/site-packages/urllib3/connection.py","lineno":494,"name":"request"},{"filename":"/usr/local/lib/python3.12/http/client.py","lineno":1333,"name":"endheaders"},{"filename":"/usr/local/lib/python3.12/http/client.py","lineno":1093,"name":"_send_output"},{"filename":"/usr/local/lib/python3.12/http/client.py","lineno":1037,"name":"send"},{"filename":"/home/airflow/.local/lib/python3.12/site-packages/urllib3/connection.py","lineno":325,"name":"connect"},{"filename":"/home/airflow/.local/lib/python3.12/site-packages/urllib3/connection.py","lineno":205,"name":"_new_conn"}],"is_group":false,"exceptions":[]},{"exc_type":"gaierror","exc_value":"[Errno -2] Name or service not known","exc_notes":[],"syntax_error":null,"is_cause":true,"frames":[{"filename":"/home/airflow/.local/lib/python3.12/site-packages/urllib3/connection.py","lineno":198,"name":"_new_conn"},{"filename":"/home/airflow/.local/lib/python3.12/site-packages/urllib3/util/connection.py","lineno":60,"name":"create_connection"},{"filename":"/usr/local/lib/python3.12/socket.py","lineno":978,"name":"getaddrinfo"}],"is_group":false,"exceptions":[]}]}
{"timestamp":"2025-07-29T01:59:02.396494","level":"info","event":"Filling up the DagBag from /opt/airflow/dags/orchestrated-duration-prediction-dag.py","logger":"airflow.models.dagbag.DagBag"}
{"timestamp":"2025-07-29T01:59:06.605280","level":"warning","event":"Retrying (Retry(total=6, connect=6, read=7, redirect=7, status=7)) after connection broken by 'NewConnectionError('<urllib3.connection.HTTPConnection object at 0x7de2d898c9b0>: Failed to establish a new connection: [Errno 111] Connection refused')': /api/2.0/mlflow/experiments/get-by-name?experiment_name=nyc-taxi-experiment","logger":"urllib3.connectionpool"}
{"timestamp":"2025-07-29T01:59:11.183407","level":"warning","event":"Retrying (Retry(total=5, connect=5, read=7, redirect=7, status=7)) after connection broken by 'NewConnectionError('<urllib3.connection.HTTPConnection object at 0x7de2c1789340>: Failed to establish a new connection: [Errno 111] Connection refused')': /api/2.0/mlflow/experiments/get-by-name?experiment_name=nyc-taxi-experiment","logger":"urllib3.connectionpool"}
{"timestamp":"2025-07-29T01:59:19.704806","level":"warning","event":"Retrying (Retry(total=4, connect=4, read=7, redirect=7, status=7)) after connection broken by 'NewConnectionError('<urllib3.connection.HTTPConnection object at 0x7de2c18a9970>: Failed to establish a new connection: [Errno 111] Connection refused')': /api/2.0/mlflow/experiments/get-by-name?experiment_name=nyc-taxi-experiment","logger":"urllib3.connectionpool"}
{"timestamp":"2025-07-29T01:59:50.292836","level":"info","event":"Filling up the DagBag from /opt/airflow/dags/orchestrated-duration-prediction-dag.py","logger":"airflow.models.dagbag.DagBag"}
{"timestamp":"2025-07-29T02:00:22.543513","level":"info","event":"Filling up the DagBag from /opt/airflow/dags/orchestrated-duration-prediction-dag.py","logger":"airflow.models.dagbag.DagBag"}
{"timestamp":"2025-07-29T02:00:54.902897","level":"info","event":"Filling up the DagBag from /opt/airflow/dags/orchestrated-duration-prediction-dag.py","logger":"airflow.models.dagbag.DagBag"}
{"timestamp":"2025-07-29T02:01:28.213370","level":"info","event":"Filling up the DagBag from /opt/airflow/dags/orchestrated-duration-prediction-dag.py","logger":"airflow.models.dagbag.DagBag"}
{"timestamp":"2025-07-29T02:02:00.765739","level":"info","event":"Filling up the DagBag from /opt/airflow/dags/orchestrated-duration-prediction-dag.py","logger":"airflow.models.dagbag.DagBag"}
{"timestamp":"2025-07-29T02:02:32.991235","level":"info","event":"Filling up the DagBag from /opt/airflow/dags/orchestrated-duration-prediction-dag.py","logger":"airflow.models.dagbag.DagBag"}
{"timestamp":"2025-07-29T02:03:05.245486","level":"info","event":"Filling up the DagBag from /opt/airflow/dags/orchestrated-duration-prediction-dag.py","logger":"airflow.models.dagbag.DagBag"}
{"timestamp":"2025-07-29T02:04:35.534441","level":"info","event":"Filling up the DagBag from /opt/airflow/dags/orchestrated-duration-prediction-dag.py","logger":"airflow.models.dagbag.DagBag"}
{"timestamp":"2025-07-29T02:05:11.584536","level":"info","event":"Filling up the DagBag from /opt/airflow/dags/orchestrated-duration-prediction-dag.py","logger":"airflow.models.dagbag.DagBag"}
{"timestamp":"2025-07-29T02:05:44.258120","level":"info","event":"Filling up the DagBag from /opt/airflow/dags/orchestrated-duration-prediction-dag.py","logger":"airflow.models.dagbag.DagBag"}
{"timestamp":"2025-07-29T02:06:16.550040","level":"info","event":"Filling up the DagBag from /opt/airflow/dags/orchestrated-duration-prediction-dag.py","logger":"airflow.models.dagbag.DagBag"}
{"timestamp":"2025-07-29T02:06:48.757525","level":"info","event":"Filling up the DagBag from /opt/airflow/dags/orchestrated-duration-prediction-dag.py","logger":"airflow.models.dagbag.DagBag"}
{"timestamp":"2025-07-29T02:07:20.962475","level":"info","event":"Filling up the DagBag from /opt/airflow/dags/orchestrated-duration-prediction-dag.py","logger":"airflow.models.dagbag.DagBag"}
{"timestamp":"2025-07-29T02:07:53.270704","level":"info","event":"Filling up the DagBag from /opt/airflow/dags/orchestrated-duration-prediction-dag.py","logger":"airflow.models.dagbag.DagBag"}
{"timestamp":"2025-07-29T02:08:25.871414","level":"info","event":"Filling up the DagBag from /opt/airflow/dags/orchestrated-duration-prediction-dag.py","logger":"airflow.models.dagbag.DagBag"}
{"timestamp":"2025-07-29T02:08:58.116159","level":"info","event":"Filling up the DagBag from /opt/airflow/dags/orchestrated-duration-prediction-dag.py","logger":"airflow.models.dagbag.DagBag"}
{"timestamp":"2025-07-29T02:09:30.389221","level":"info","event":"Filling up the DagBag from /opt/airflow/dags/orchestrated-duration-prediction-dag.py","logger":"airflow.models.dagbag.DagBag"}
{"timestamp":"2025-07-29T02:10:02.710515","level":"info","event":"Filling up the DagBag from /opt/airflow/dags/orchestrated-duration-prediction-dag.py","logger":"airflow.models.dagbag.DagBag"}
{"timestamp":"2025-07-29T02:10:35.100129","level":"info","event":"Filling up the DagBag from /opt/airflow/dags/orchestrated-duration-prediction-dag.py","logger":"airflow.models.dagbag.DagBag"}
{"timestamp":"2025-07-29T02:11:07.615080","level":"info","event":"Filling up the DagBag from /opt/airflow/dags/orchestrated-duration-prediction-dag.py","logger":"airflow.models.dagbag.DagBag"}
{"timestamp":"2025-07-29T02:11:40.141527","level":"info","event":"Filling up the DagBag from /opt/airflow/dags/orchestrated-duration-prediction-dag.py","logger":"airflow.models.dagbag.DagBag"}
{"timestamp":"2025-07-29T02:12:12.704825","level":"info","event":"Filling up the DagBag from /opt/airflow/dags/orchestrated-duration-prediction-dag.py","logger":"airflow.models.dagbag.DagBag"}
{"timestamp":"2025-07-29T02:12:45.378162","level":"info","event":"Filling up the DagBag from /opt/airflow/dags/orchestrated-duration-prediction-dag.py","logger":"airflow.models.dagbag.DagBag"}
{"timestamp":"2025-07-29T02:13:18.104221","level":"info","event":"Filling up the DagBag from /opt/airflow/dags/orchestrated-duration-prediction-dag.py","logger":"airflow.models.dagbag.DagBag"}
{"timestamp":"2025-07-29T02:13:50.624904","level":"info","event":"Filling up the DagBag from /opt/airflow/dags/orchestrated-duration-prediction-dag.py","logger":"airflow.models.dagbag.DagBag"}
{"timestamp":"2025-07-29T02:14:23.380862","level":"info","event":"Filling up the DagBag from /opt/airflow/dags/orchestrated-duration-prediction-dag.py","logger":"airflow.models.dagbag.DagBag"}
{"timestamp":"2025-07-29T02:14:55.906152","level":"info","event":"Filling up the DagBag from /opt/airflow/dags/orchestrated-duration-prediction-dag.py","logger":"airflow.models.dagbag.DagBag"}
{"timestamp":"2025-07-29T02:15:28.622015","level":"info","event":"Filling up the DagBag from /opt/airflow/dags/orchestrated-duration-prediction-dag.py","logger":"airflow.models.dagbag.DagBag"}
{"timestamp":"2025-07-29T02:16:00.223196","level":"info","event":"Filling up the DagBag from /opt/airflow/dags/orchestrated-duration-prediction-dag.py","logger":"airflow.models.dagbag.DagBag"}
{"timestamp":"2025-07-29T02:16:33.498877","level":"info","event":"Filling up the DagBag from /opt/airflow/dags/orchestrated-duration-prediction-dag.py","logger":"airflow.models.dagbag.DagBag"}
{"timestamp":"2025-07-29T02:17:06.230995","level":"info","event":"Filling up the DagBag from /opt/airflow/dags/orchestrated-duration-prediction-dag.py","logger":"airflow.models.dagbag.DagBag"}
{"timestamp":"2025-07-29T02:17:38.899742","level":"info","event":"Filling up the DagBag from /opt/airflow/dags/orchestrated-duration-prediction-dag.py","logger":"airflow.models.dagbag.DagBag"}
{"timestamp":"2025-07-29T02:18:11.595854","level":"info","event":"Filling up the DagBag from /opt/airflow/dags/orchestrated-duration-prediction-dag.py","logger":"airflow.models.dagbag.DagBag"}
{"timestamp":"2025-07-29T02:18:44.317140","level":"info","event":"Filling up the DagBag from /opt/airflow/dags/orchestrated-duration-prediction-dag.py","logger":"airflow.models.dagbag.DagBag"}
{"timestamp":"2025-07-29T02:19:17.132742","level":"info","event":"Filling up the DagBag from /opt/airflow/dags/orchestrated-duration-prediction-dag.py","logger":"airflow.models.dagbag.DagBag"}
{"timestamp":"2025-07-29T02:19:49.084833","level":"info","event":"Filling up the DagBag from /opt/airflow/dags/orchestrated-duration-prediction-dag.py","logger":"airflow.models.dagbag.DagBag"}
{"timestamp":"2025-07-29T02:20:21.939160","level":"info","event":"Filling up the DagBag from /opt/airflow/dags/orchestrated-duration-prediction-dag.py","logger":"airflow.models.dagbag.DagBag"}
{"timestamp":"2025-07-29T02:20:55.191399","level":"info","event":"Filling up the DagBag from /opt/airflow/dags/orchestrated-duration-prediction-dag.py","logger":"airflow.models.dagbag.DagBag"}
{"timestamp":"2025-07-29T02:21:27.376982","level":"info","event":"Filling up the DagBag from /opt/airflow/dags/orchestrated-duration-prediction-dag.py","logger":"airflow.models.dagbag.DagBag"}
{"timestamp":"2025-07-29T02:22:00.552909","level":"info","event":"Filling up the DagBag from /opt/airflow/dags/orchestrated-duration-prediction-dag.py","logger":"airflow.models.dagbag.DagBag"}
{"timestamp":"2025-07-29T02:22:33.303436","level":"info","event":"Filling up the DagBag from /opt/airflow/dags/orchestrated-duration-prediction-dag.py","logger":"airflow.models.dagbag.DagBag"}
{"timestamp":"2025-07-29T02:23:04.984425","level":"info","event":"Filling up the DagBag from /opt/airflow/dags/orchestrated-duration-prediction-dag.py","logger":"airflow.models.dagbag.DagBag"}
{"timestamp":"2025-07-29T02:23:36.557287","level":"info","event":"Filling up the DagBag from /opt/airflow/dags/orchestrated-duration-prediction-dag.py","logger":"airflow.models.dagbag.DagBag"}
{"timestamp":"2025-07-29T02:24:09.187280","level":"info","event":"Filling up the DagBag from /opt/airflow/dags/orchestrated-duration-prediction-dag.py","logger":"airflow.models.dagbag.DagBag"}
{"timestamp":"2025-07-29T02:24:40.750490","level":"info","event":"Filling up the DagBag from /opt/airflow/dags/orchestrated-duration-prediction-dag.py","logger":"airflow.models.dagbag.DagBag"}
{"timestamp":"2025-07-29T02:25:13.341301","level":"info","event":"Filling up the DagBag from /opt/airflow/dags/orchestrated-duration-prediction-dag.py","logger":"airflow.models.dagbag.DagBag"}
{"timestamp":"2025-07-29T02:25:45.071800","level":"info","event":"Filling up the DagBag from /opt/airflow/dags/orchestrated-duration-prediction-dag.py","logger":"airflow.models.dagbag.DagBag"}
{"timestamp":"2025-07-29T02:26:16.681968","level":"info","event":"Filling up the DagBag from /opt/airflow/dags/orchestrated-duration-prediction-dag.py","logger":"airflow.models.dagbag.DagBag"}
{"timestamp":"2025-07-29T02:26:49.238656","level":"info","event":"Filling up the DagBag from /opt/airflow/dags/orchestrated-duration-prediction-dag.py","logger":"airflow.models.dagbag.DagBag"}
{"timestamp":"2025-07-29T02:27:20.789284","level":"info","event":"Filling up the DagBag from /opt/airflow/dags/orchestrated-duration-prediction-dag.py","logger":"airflow.models.dagbag.DagBag"}
{"timestamp":"2025-07-29T02:27:54.041781","level":"info","event":"Filling up the DagBag from /opt/airflow/dags/orchestrated-duration-prediction-dag.py","logger":"airflow.models.dagbag.DagBag"}
{"timestamp":"2025-07-29T02:28:25.656659","level":"info","event":"Filling up the DagBag from /opt/airflow/dags/orchestrated-duration-prediction-dag.py","logger":"airflow.models.dagbag.DagBag"}
{"timestamp":"2025-07-29T02:28:57.239836","level":"info","event":"Filling up the DagBag from /opt/airflow/dags/orchestrated-duration-prediction-dag.py","logger":"airflow.models.dagbag.DagBag"}
{"timestamp":"2025-07-29T02:29:29.820811","level":"info","event":"Filling up the DagBag from /opt/airflow/dags/orchestrated-duration-prediction-dag.py","logger":"airflow.models.dagbag.DagBag"}
{"timestamp":"2025-07-29T02:30:02.539592","level":"info","event":"Filling up the DagBag from /opt/airflow/dags/orchestrated-duration-prediction-dag.py","logger":"airflow.models.dagbag.DagBag"}
{"timestamp":"2025-07-29T02:30:34.255328","level":"info","event":"Filling up the DagBag from /opt/airflow/dags/orchestrated-duration-prediction-dag.py","logger":"airflow.models.dagbag.DagBag"}
{"timestamp":"2025-07-29T02:31:05.946585","level":"info","event":"Filling up the DagBag from /opt/airflow/dags/orchestrated-duration-prediction-dag.py","logger":"airflow.models.dagbag.DagBag"}
{"timestamp":"2025-07-29T02:31:38.729085","level":"info","event":"Filling up the DagBag from /opt/airflow/dags/orchestrated-duration-prediction-dag.py","logger":"airflow.models.dagbag.DagBag"}
{"timestamp":"2025-07-29T02:32:10.329479","level":"info","event":"Filling up the DagBag from /opt/airflow/dags/orchestrated-duration-prediction-dag.py","logger":"airflow.models.dagbag.DagBag"}
{"timestamp":"2025-07-29T02:32:41.989129","level":"info","event":"Filling up the DagBag from /opt/airflow/dags/orchestrated-duration-prediction-dag.py","logger":"airflow.models.dagbag.DagBag"}
{"timestamp":"2025-07-29T02:33:15.242227","level":"info","event":"Filling up the DagBag from /opt/airflow/dags/orchestrated-duration-prediction-dag.py","logger":"airflow.models.dagbag.DagBag"}
{"timestamp":"2025-07-29T02:33:47.401857","level":"info","event":"Filling up the DagBag from /opt/airflow/dags/orchestrated-duration-prediction-dag.py","logger":"airflow.models.dagbag.DagBag"}
{"timestamp":"2025-07-29T02:34:20.861502","level":"info","event":"Filling up the DagBag from /opt/airflow/dags/orchestrated-duration-prediction-dag.py","logger":"airflow.models.dagbag.DagBag"}
{"timestamp":"2025-07-29T02:34:52.727347","level":"info","event":"Filling up the DagBag from /opt/airflow/dags/orchestrated-duration-prediction-dag.py","logger":"airflow.models.dagbag.DagBag"}
{"timestamp":"2025-07-29T02:35:25.319434","level":"info","event":"Filling up the DagBag from /opt/airflow/dags/orchestrated-duration-prediction-dag.py","logger":"airflow.models.dagbag.DagBag"}
{"timestamp":"2025-07-29T02:35:57.939618","level":"info","event":"Filling up the DagBag from /opt/airflow/dags/orchestrated-duration-prediction-dag.py","logger":"airflow.models.dagbag.DagBag"}
{"timestamp":"2025-07-29T02:36:29.624800","level":"info","event":"Filling up the DagBag from /opt/airflow/dags/orchestrated-duration-prediction-dag.py","logger":"airflow.models.dagbag.DagBag"}
{"timestamp":"2025-07-29T02:37:01.534290","level":"info","event":"Filling up the DagBag from /opt/airflow/dags/orchestrated-duration-prediction-dag.py","logger":"airflow.models.dagbag.DagBag"}
{"timestamp":"2025-07-29T02:37:34.475844","level":"info","event":"Filling up the DagBag from /opt/airflow/dags/orchestrated-duration-prediction-dag.py","logger":"airflow.models.dagbag.DagBag"}
{"timestamp":"2025-07-29T02:38:07.422640","level":"info","event":"Filling up the DagBag from /opt/airflow/dags/orchestrated-duration-prediction-dag.py","logger":"airflow.models.dagbag.DagBag"}
{"timestamp":"2025-07-29T02:38:40.048305","level":"info","event":"Filling up the DagBag from /opt/airflow/dags/orchestrated-duration-prediction-dag.py","logger":"airflow.models.dagbag.DagBag"}
{"timestamp":"2025-07-29T02:39:12.695014","level":"info","event":"Filling up the DagBag from /opt/airflow/dags/orchestrated-duration-prediction-dag.py","logger":"airflow.models.dagbag.DagBag"}
{"timestamp":"2025-07-29T02:39:44.483393","level":"info","event":"Filling up the DagBag from /opt/airflow/dags/orchestrated-duration-prediction-dag.py","logger":"airflow.models.dagbag.DagBag"}
{"timestamp":"2025-07-29T02:40:17.323562","level":"info","event":"Filling up the DagBag from /opt/airflow/dags/orchestrated-duration-prediction-dag.py","logger":"airflow.models.dagbag.DagBag"}
{"timestamp":"2025-07-29T02:40:50.133344","level":"info","event":"Filling up the DagBag from /opt/airflow/dags/orchestrated-duration-prediction-dag.py","logger":"airflow.models.dagbag.DagBag"}
{"timestamp":"2025-07-29T02:41:22.870811","level":"info","event":"Filling up the DagBag from /opt/airflow/dags/orchestrated-duration-prediction-dag.py","logger":"airflow.models.dagbag.DagBag"}
{"timestamp":"2025-07-29T02:41:55.731685","level":"info","event":"Filling up the DagBag from /opt/airflow/dags/orchestrated-duration-prediction-dag.py","logger":"airflow.models.dagbag.DagBag"}
{"timestamp":"2025-07-29T02:42:28.309937","level":"info","event":"Filling up the DagBag from /opt/airflow/dags/orchestrated-duration-prediction-dag.py","logger":"airflow.models.dagbag.DagBag"}
{"timestamp":"2025-07-29T02:43:01.494353","level":"info","event":"Filling up the DagBag from /opt/airflow/dags/orchestrated-duration-prediction-dag.py","logger":"airflow.models.dagbag.DagBag"}
{"timestamp":"2025-07-29T02:43:34.648054","level":"info","event":"Filling up the DagBag from /opt/airflow/dags/orchestrated-duration-prediction-dag.py","logger":"airflow.models.dagbag.DagBag"}
{"timestamp":"2025-07-29T02:44:07.010634","level":"info","event":"Filling up the DagBag from /opt/airflow/dags/orchestrated-duration-prediction-dag.py","logger":"airflow.models.dagbag.DagBag"}
{"timestamp":"2025-07-29T02:44:40.088840","level":"info","event":"Filling up the DagBag from /opt/airflow/dags/orchestrated-duration-prediction-dag.py","logger":"airflow.models.dagbag.DagBag"}
{"timestamp":"2025-07-29T02:45:13.476152","level":"info","event":"Filling up the DagBag from /opt/airflow/dags/orchestrated-duration-prediction-dag.py","logger":"airflow.models.dagbag.DagBag"}
{"timestamp":"2025-07-29T02:45:46.755904","level":"info","event":"Filling up the DagBag from /opt/airflow/dags/orchestrated-duration-prediction-dag.py","logger":"airflow.models.dagbag.DagBag"}
{"timestamp":"2025-07-29T02:46:18.858025","level":"info","event":"Filling up the DagBag from /opt/airflow/dags/orchestrated-duration-prediction-dag.py","logger":"airflow.models.dagbag.DagBag"}
{"timestamp":"2025-07-29T02:46:50.898671","level":"info","event":"Filling up the DagBag from /opt/airflow/dags/orchestrated-duration-prediction-dag.py","logger":"airflow.models.dagbag.DagBag"}
{"timestamp":"2025-07-29T02:47:23.709671","level":"info","event":"Filling up the DagBag from /opt/airflow/dags/orchestrated-duration-prediction-dag.py","logger":"airflow.models.dagbag.DagBag"}
{"timestamp":"2025-07-29T02:47:56.673989","level":"info","event":"Filling up the DagBag from /opt/airflow/dags/orchestrated-duration-prediction-dag.py","logger":"airflow.models.dagbag.DagBag"}
{"timestamp":"2025-07-29T02:48:29.550899","level":"info","event":"Filling up the DagBag from /opt/airflow/dags/orchestrated-duration-prediction-dag.py","logger":"airflow.models.dagbag.DagBag"}
{"timestamp":"2025-07-29T02:49:01.134042","level":"info","event":"Filling up the DagBag from /opt/airflow/dags/orchestrated-duration-prediction-dag.py","logger":"airflow.models.dagbag.DagBag"}
{"timestamp":"2025-07-29T02:49:33.837969","level":"info","event":"Filling up the DagBag from /opt/airflow/dags/orchestrated-duration-prediction-dag.py","logger":"airflow.models.dagbag.DagBag"}
{"timestamp":"2025-07-29T02:50:06.513787","level":"info","event":"Filling up the DagBag from /opt/airflow/dags/orchestrated-duration-prediction-dag.py","logger":"airflow.models.dagbag.DagBag"}
{"timestamp":"2025-07-29T02:50:38.439576","level":"info","event":"Filling up the DagBag from /opt/airflow/dags/orchestrated-duration-prediction-dag.py","logger":"airflow.models.dagbag.DagBag"}
{"timestamp":"2025-07-29T02:51:12.114073","level":"info","event":"Filling up the DagBag from /opt/airflow/dags/orchestrated-duration-prediction-dag.py","logger":"airflow.models.dagbag.DagBag"}
{"timestamp":"2025-07-29T02:51:44.735102","level":"info","event":"Filling up the DagBag from /opt/airflow/dags/orchestrated-duration-prediction-dag.py","logger":"airflow.models.dagbag.DagBag"}
{"timestamp":"2025-07-29T02:52:18.182228","level":"info","event":"Filling up the DagBag from /opt/airflow/dags/orchestrated-duration-prediction-dag.py","logger":"airflow.models.dagbag.DagBag"}
{"timestamp":"2025-07-29T02:52:50.397459","level":"info","event":"Filling up the DagBag from /opt/airflow/dags/orchestrated-duration-prediction-dag.py","logger":"airflow.models.dagbag.DagBag"}
{"timestamp":"2025-07-29T02:53:22.904996","level":"info","event":"Filling up the DagBag from /opt/airflow/dags/orchestrated-duration-prediction-dag.py","logger":"airflow.models.dagbag.DagBag"}
